1606861330595	geckodriver	INFO	Listening on 127.0.0.1:58513
1606861333623	mozrunner::runner	INFO	Running command: "C:\\Program Files\\Mozilla Firefox\\firefox.exe" "--marionette" "-foreground" "-no-remote" "-profile" "C:\\Users\\lucas\\AppData\\Local\\Temp\\rust_mozprofileFCEBLD"
JavaScript error: resource://gre/modules/XULStore.jsm, line 66: Error: Can't find profile directory.
console.warn: SearchSettings: "get: No settings file exists, new profile?" (new Error("", "(unknown module)"))
1606861336140	Marionette	INFO	Listening on port 58521
1606861336339	Marionette	WARN	TLS certificate errors will be ignored for this session
console.warn: LoginRecipes: "getRecipes: falling back to a synchronous message for:" "https://www.instagram.com"
IPDL protocol error: Handler returned error code!

###!!! [Parent][DispatchAsyncMessage] Error: PLayerTransaction::Msg_ReleaseLayer Processing error: message was deserialized, but the handler returned false (indicating failure)

IPDL protocol error: Handler returned error code!

###!!! [Parent][DispatchAsyncMessage] Error: PLayerTransaction::Msg_ReleaseLayer Processing error: message was deserialized, but the handler returned false (indicating failure)

IPDL protocol error: Handler returned error code!

###!!! [Parent][DispatchAsyncMessage] Error: PLayerTransaction::Msg_ReleaseLayer Processing error: message was deserialized, but the handler returned false (indicating failure)

IPDL protocol error: Handler returned error code!

###!!! [Parent][DispatchAsyncMessage] Error: PLayerTransaction::Msg_ReleaseLayer Processing error: message was deserialized, but the handler returned false (indicating failure)

IPDL protocol error: Handler returned error code!

###!!! [Parent][DispatchAsyncMessage] Error: PLayerTransaction::Msg_ReleaseLayer Processing error: message was deserialized, but the handler returned false (indicating failure)

IPDL protocol error: Handler returned error code!

###!!! [Parent][DispatchAsyncMessage] Error: PLayerTransaction::Msg_ReleaseLayer Processing error: message was deserialized, but the handler returned false (indicating failure)

IPDL protocol error: Handler returned error code!

###!!! [Parent][DispatchAsyncMessage] Error: PLayerTransaction::Msg_ReleaseLayer Processing error: message was deserialized, but the handler returned false (indicating failure)

IPDL protocol error: Handler returned error code!

###!!! [Parent][DispatchAsyncMessage] Error: PLayerTransaction::Msg_ReleaseLayer Processing error: message was deserialized, but the handler returned false (indicating failure)

IPDL protocol error: Handler returned error code!

###!!! [Parent][DispatchAsyncMessage] Error: PLayerTransaction::Msg_ReleaseLayer Processing error: message was deserialized, but the handler returned false (indicating failure)

1606863412091	Marionette	INFO	Stopped listening on port 58521

###!!! [Child][RunMessage] Error: Channel closing: too late to send/recv, messages will be lost


###!!! [Child][MessageChannel::SendAndWait] Error: Channel error: cannot send/recv

1606863445539	geckodriver	INFO	Listening on 127.0.0.1:59054
1606863448586	mozrunner::runner	INFO	Running command: "C:\\Program Files\\Mozilla Firefox\\firefox.exe" "--marionette" "-foreground" "-no-remote" "-profile" "C:\\Users\\lucas\\AppData\\Local\\Temp\\rust_mozprofilefYi2PJ"
JavaScript error: resource://gre/modules/XULStore.jsm, line 66: Error: Can't find profile directory.
console.warn: SearchSettings: "get: No settings file exists, new profile?" (new Error("", "(unknown module)"))
1606863450710	Marionette	INFO	Listening on port 59062
1606863450763	Marionette	WARN	TLS certificate errors will be ignored for this session
1606863665718	Marionette	INFO	Stopped listening on port 59062

###!!! [Child][RunMessage] Error: Channel closing: too late to send/recv, messages will be lost


###!!! [Child][MessageChannel::SendAndWait] Error: Channel error: cannot send/recv

1606863778567	geckodriver	INFO	Listening on 127.0.0.1:59160
1606863781632	mozrunner::runner	INFO	Running command: "C:\\Program Files\\Mozilla Firefox\\firefox.exe" "--marionette" "-foreground" "-no-remote" "-profile" "C:\\Users\\lucas\\AppData\\Local\\Temp\\rust_mozprofileN55h1X"
JavaScript error: resource://gre/modules/XULStore.jsm, line 66: Error: Can't find profile directory.
console.warn: SearchSettings: "get: No settings file exists, new profile?" (new Error("", "(unknown module)"))
1606863783747	Marionette	INFO	Listening on port 59168
1606863783811	Marionette	WARN	TLS certificate errors will be ignored for this session
1606863862923	Marionette	INFO	Stopped listening on port 59168

###!!! [Child][RunMessage] Error: Channel closing: too late to send/recv, messages will be lost


###!!! [Child][MessageChannel::SendAndWait] Error: Channel error: cannot send/recv

Temp\\rust_mozprofileHJKy8C"
JavaScript error: resource://gre/modules/XULStore.jsm, line 66: Error: Can't find profile directory.
console.warn: SearchSettings: "get: No settings file exists, new profile?" (new Error("", "(unknown module)"))
1606863851488	Marionette	INFO	Listening on port 59231
1606863851792	Marionette	WARN	TLS certificate errors will be ignored for this session
1606863861459	Marionette	INFO	Stopped listening on port 59231

###!!! [Child][RunMessage] Error: Channel closing: too late to send/recv, messages will be lost


###!!! [Child][MessageChannel::SendAndWait] Error: Channel error: cannot send/recv

1606863877379	geckodriver	INFO	Listening on 127.0.0.1:59279
1606863880445	mozrunner::runner	INFO	Running command: "C:\\Program Files\\Mozilla Firefox\\firefox.exe" "--marionette" "-foreground" "-no-remote" "-profile" "C:\\Users\\lucas\\AppData\\Local\\Temp\\rust_mozprofileS8hqNu"
JavaScript error: resource://gre/modules/XULStore.jsm, line 66: Error: Can't find profile directory.
console.warn: SearchSettings: "get: No settings file exists, new profile?" (new Error("", "(unknown module)"))
1606863882628	Marionette	INFO	Listening on port 59287
1606863883147	Marionette	WARN	TLS certificate errors will be ignored for this session
1606865097770	Marionette	INFO	Stopped listening on port 59287

###!!! [Child][MessageChannel::SendAndWait] Error: Channel error: cannot send/recv

firefox.exe" "--marionette" "-foreground" "-no-remote" "-profile" "C:\\Users\\lucas\\AppData\\Local\\Temp\\rust_mozprofile3UFegp"
JavaScript error: resource://gre/modules/XULStore.jsm, line 66: Error: Can't find profile directory.
console.warn: SearchSettings: "get: No settings file exists, new profile?" (new Error("", "(unknown module)"))
1606864418486	Marionette	INFO	Listening on port 59398
1606864418705	Marionette	WARN	TLS certificate errors will be ignored for this session
1606865097740	Marionette	INFO	Stopped listening on port 59398

###!!! [Child][RunMessage] Error: Channel closing: too late to send/recv, messages will be lost


###!!! [Child][MessageChannel::SendAndWait] Error: Channel error: cannot send/recv

Temp\\rust_mozprofile7gkkLZ"
JavaScript error: resource://gre/modules/XULStore.jsm, line 66: Error: Can't find profile directory.
console.warn: SearchSettings: "get: No settings file exists, new profile?" (new Error("", "(unknown module)"))
1606864458986	Marionette	INFO	Listening on port 59451
1606864459381	Marionette	WARN	TLS certificate errors will be ignored for this session
JavaScript error: , line 0: uncaught exception: Object
JavaScript error: , line 0: uncaught exception: Object
1606865097786	Marionette	INFO	Stopped listening on port 59451

###!!! [Child][RunMessage] Error: Channel closing: too late to send/recv, messages will be lost


###!!! [Child][MessageChannel::SendAndWait] Error: Channel error: cannot send/recv

1606865245541	geckodriver	INFO	Listening on 127.0.0.1:59667
1606865248594	mozrunner::runner	INFO	Running command: "C:\\Program Files\\Mozilla Firefox\\firefox.exe" "--marionette" "-foreground" "-no-remote" "-profile" "C:\\Users\\lucas\\AppData\\Local\\Temp\\rust_mozprofilekDAdhh"
JavaScript error: resource://gre/modules/XULStore.jsm, line 66: Error: Can't find profile directory.
console.warn: SearchSettings: "get: No settings file exists, new profile?" (new Error("", "(unknown module)"))
1606865250664	Marionette	INFO	Listening on port 59676
1606865250768	Marionette	WARN	TLS certificate errors will be ignored for this session
IPDL protocol error: Handler returned error code!

###!!! [Parent][DispatchAsyncMessage] Error: PLayerTransaction::Msg_ReleaseLayer Processing error: message was deserialized, but the handler returned false (indicating failure)

IPDL protocol error: Handler returned error code!

###!!! [Parent][DispatchAsyncMessage] Error: PLayerTransaction::Msg_ReleaseLayer Processing error: message was deserialized, but the handler returned false (indicating failure)

1606865280873	Marionette	INFO	Stopped listening on port 59676

###!!! [Child][MessageChannel::SendAndWait] Error: Channel error: cannot send/recv

1606865281879	geckodriver	INFO	Listening on 127.0.0.1:59740
1606865284917	mozrunner::runner	INFO	Running command: "C:\\Program Files\\Mozilla Firefox\\firefox.exe" "--marionette" "-foreground" "-no-remote" "-profile" "C:\\Users\\lucas\\AppData\\Local\\Temp\\rust_mozprofilesNCsTM"
JavaScript error: resource://gre/modules/XULStore.jsm, line 66: Error: Can't find profile directory.
console.warn: SearchSettings: "get: No settings file exists, new profile?" (new Error("", "(unknown module)"))
1606865287010	Marionette	INFO	Listening on port 59748
1606865287096	Marionette	WARN	TLS certificate errors will be ignored for this session
1606865319655	Marionette	INFO	Stopped listening on port 59748

###!!! [Child][RunMessage] Error: Channel closing: too late to send/recv, messages will be lost


###!!! [Child][MessageChannel::SendAndWait] Error: Channel error: cannot send/recv

1606865320921	geckodriver	INFO	Listening on 127.0.0.1:59807
1606865323978	mozrunner::runner	INFO	Running command: "C:\\Program Files\\Mozilla Firefox\\firefox.exe" "--marionette" "-foreground" "-no-remote" "-profile" "C:\\Users\\lucas\\AppData\\Local\\Temp\\rust_mozprofileuoczpW"
JavaScript error: resource://gre/modules/XULStore.jsm, line 66: Error: Can't find profile directory.
console.warn: SearchSettings: "get: No settings file exists, new profile?" (new Error("", "(unknown module)"))
1606865326045	Marionette	INFO	Listening on port 59816
1606865326166	Marionette	WARN	TLS certificate errors will be ignored for this session
console.error: (new TypeError("parent is null", "resource://devtools/client/inspector/shared/style-change-tracker.js", 67))
TypeError: parent is null: canMutationImpactCurrentStyles@resource://devtools/client/inspector/shared/style-change-tracker.js:67:24
onMutations@resource://devtools/client/inspector/shared/style-change-tracker.js:84:41
_emit@resource://devtools/shared/event-emitter.js:226:34
emit@resource://devtools/shared/event-emitter.js:172:18
emit@resource://devtools/shared/event-emitter.js:324:18
getMutations@resource://devtools/client/fronts/walker.js:405:10

JavaScript error: resource://devtools/server/actors/stylesheets.js, line 392: TypeError: this.ownerNode is null
JavaScript error: resource://devtools/server/actors/stylesheets.js, line 392: TypeError: this.ownerNode is null
console.warn: "fetching media rules failed" (new Error("Connection closed, pending request to server0.conn0.child3/stylesheet353, type getMediaRules failed\n\nRequest stack:\nrequest@resource://devtools/shared/protocol/Front.js:280:14\ngenerateRequestMethods/</frontProto[name]@resource://devtools/shared/protocol/Front/FrontClassWithSpec.js:46:19\nonStyleSheetAdded@resource://devtools/shared/resources/legacy-listeners/stylesheet.js:17:37\nmodule.exports/<@resource://devtools/shared/resources/legacy-listeners/stylesheet.js:109:28\n_emit@resource://devtools/shared/event-emitter.js:226:34\nemit@resource://devtools/shared/event-emitter.js:172:18\nemit@resource://devtools/shared/event-emitter.js:324:18\nonPacket@resource://devtools/shared/protocol/Front.js:324:13\nonPacket@resource://devtools/client/devtools-client.js:492:13\nsend/<@resource://devtools/shared/transport/local-transport.js:68:25\nexports.makeInfallible/<@resource://devtools/shared/ThreadSafeDevToolsUtils.js:103:22\nexports.makeInfallible/<@resource://devtools/shared/ThreadSafeDevToolsUtils.js:103:22\n", "resource://devtools/shared/protocol/Front.js", 101))
console.warn: "fetching stylesheets failed" (new Error("Connection closed, pending request to server0.conn0.child3/styleSheetsActor4, type getStyleSheets failed\n\nRequest stack:\nrequest@resource://devtools/shared/protocol/Front.js:280:14\ngenerateRequestMethods/</frontProto[name]@resource://devtools/shared/protocol/Front/FrontClassWithSpec.js:46:19\nmodule.exports@resource://devtools/shared/resources/legacy-listeners/stylesheet.js:97:48\n", "resource://devtools/shared/protocol/Front.js", 101))
1606866088077	Marionette	INFO	Stopped listening on port 59816

###!!! [Child][RunMessage] Error: Channel closing: too late to send/recv, messages will be lost


###!!! [Child][MessageChannel::SendAndWait] Error: Channel error: cannot send/recv

1606866107868	geckodriver	INFO	Listening on 127.0.0.1:60043
1606866110948	mozrunner::runner	INFO	Running command: "C:\\Program Files\\Mozilla Firefox\\firefox.exe" "--marionette" "-foreground" "-no-remote" "-profile" "C:\\Users\\lucas\\AppData\\Local\\Temp\\rust_mozprofileqHTtfO"
JavaScript error: resource://gre/modules/XULStore.jsm, line 66: Error: Can't find profile directory.
console.warn: SearchSettings: "get: No settings file exists, new profile?" (new Error("", "(unknown module)"))
1606866113079	Marionette	INFO	Listening on port 60051
1606866113108	Marionette	WARN	TLS certificate errors will be ignored for this session
1606870071315	Marionette	INFO	Stopped listening on port 60051

###!!! [Child][RunMessage] Error: Channel closing: too late to send/recv, messages will be lost


###!!! [Child][MessageChannel::SendAndWait] Error: Channel error: cannot send/recv

1606870089902	geckodriver	INFO	Listening on 127.0.0.1:60583
1606870092954	mozrunner::runner	INFO	Running command: "C:\\Program Files\\Mozilla Firefox\\firefox.exe" "--marionette" "-foreground" "-no-remote" "-profile" "C:\\Users\\lucas\\AppData\\Local\\Temp\\rust_mozprofileqh4ILX"
JavaScript error: resource://gre/modules/XULStore.jsm, line 66: Error: Can't find profile directory.
console.warn: SearchSettings: "get: No settings file exists, new profile?" (new Error("", "(unknown module)"))
1606870094953	Marionette	INFO	Listening on port 60591
1606870095019	Marionette	WARN	TLS certificate errors will be ignored for this session
1606870155106	Marionette	INFO	Stopped listening on port 60591

###!!! [Child][RunMessage] Error: Channel closing: too late to send/recv, messages will be lost


###!!! [Child][MessageChannel::SendAndWait] Error: Channel error: cannot send/recv

1606870157774	geckodriver	INFO	Listening on 127.0.0.1:60644
1606870160812	mozrunner::runner	INFO	Running command: "C:\\Program Files\\Mozilla Firefox\\firefox.exe" "--marionette" "-foreground" "-no-remote" "-profile" "C:\\Users\\lucas\\AppData\\Local\\Temp\\rust_mozprofileR1gZRI"
JavaScript error: resource://gre/modules/XULStore.jsm, line 66: Error: Can't find profile directory.
console.warn: SearchSettings: "get: No settings file exists, new profile?" (new Error("", "(unknown module)"))
1606870162863	Marionette	INFO	Listening on port 60653
1606870162997	Marionette	WARN	TLS certificate errors will be ignored for this session
1606870306475	Marionette	INFO	Stopped listening on port 60653

###!!! [Child][RunMessage] Error: Channel closing: too late to send/recv, messages will be lost


###!!! [Child][MessageChannel::SendAndWait] Error: Channel error: cannot send/recv

Temp\\rust_mozprofile2Y9FA1"
JavaScript error: resource://gre/modules/XULStore.jsm, line 66: Error: Can't find profile directory.
console.warn: SearchSettings: "get: No settings file exists, new profile?" (new Error("", "(unknown module)"))
1606870198578	Marionette	INFO	Listening on port 60708
1606870198655	Marionette	WARN	TLS certificate errors will be ignored for this session
1606870877887	Marionette	INFO	Stopped listening on port 60708

###!!! [Child][RunMessage] Error: Channel closing: too late to send/recv, messages will be lost


###!!! [Child][MessageChannel::SendAndWait] Error: Channel error: cannot send/recv

Temp\\rust_mozprofileR4x5ZI"
JavaScript error: resource://gre/modules/XULStore.jsm, line 66: Error: Can't find profile directory.
console.warn: SearchSettings: "get: No settings file exists, new profile?" (new Error("", "(unknown module)"))
1606870713006	Marionette	INFO	Listening on port 60846
1606870713065	Marionette	WARN	TLS certificate errors will be ignored for this session
1606870879749	Marionette	INFO	Stopped listening on port 60846

###!!! [Child][MessageChannel::SendAndWait] Error: Channel error: cannot send/recv

1606870898953	geckodriver	INFO	Listening on 127.0.0.1:61005
1606870902417	mozrunner::runner	INFO	Running command: "C:\\Program Files\\Mozilla Firefox\\firefox.exe" "--marionette" "-foreground" "-no-remote" "-profile" "C:\\Users\\lucas\\AppData\\Local\\Temp\\rust_mozprofilerc56sZ"
JavaScript error: resource://gre/modules/XULStore.jsm, line 66: Error: Can't find profile directory.
console.warn: SearchSettings: "get: No settings file exists, new profile?" (new Error("", "(unknown module)"))
1606870904758	Marionette	INFO	Listening on port 61013
1606870905103	Marionette	WARN	TLS certificate errors will be ignored for this session
console.error: (new TypeError("parent is null", "resource://devtools/client/inspector/shared/style-change-tracker.js", 67))
TypeError: parent is null: canMutationImpactCurrentStyles@resource://devtools/client/inspector/shared/style-change-tracker.js:67:24
onMutations@resource://devtools/client/inspector/shared/style-change-tracker.js:84:41
_emit@resource://devtools/shared/event-emitter.js:226:34
emit@resource://devtools/shared/event-emitter.js:172:18
emit@resource://devtools/shared/event-emitter.js:324:18
getMutations@resource://devtools/client/fronts/walker.js:405:10

console.error: (new TypeError("container.node.targetFront is null", "resource://devtools/client/inspector/markup/markup.js", 2252))
console.error: (new TypeError("container.node.targetFront is null", "resource://devtools/client/inspector/markup/markup.js", 2252))
console.error: (new TypeError("container.node.targetFront is null", "resource://devtools/client/inspector/markup/markup.js", 2252))
console.error: (new TypeError("container.node.targetFront is null", "resource://devtools/client/inspector/markup/markup.js", 2252))
console.error: (new TypeError("container.node.targetFront is null", "resource://devtools/client/inspector/markup/markup.js", 2252))
JavaScript error: resource://devtools/client/inspector/markup/views/element-editor.js, line 508: TypeError: this.node.walkerFront is null
console.error: "Error while calling actor 'pagestyle's method 'getLayout'" "node is null"
console.error: "getLayout@resource://devtools/server/actors/styles.js:989:5\nhandler@resource://devtools/shared/protocol/Actor.js:172:37\nonPacket@resource://devtools/server/devtools-server-connection.js:379:58\nreceiveMessage@resource://devtools/shared/transport/child-transport.js:66:16\n"
console.error: (new Error("Protocol error (TypeError): node is null from: server0.conn0.child3/pagestyle26 (resource://devtools/server/actors/styles.js:989:5)", "resource://devtools/shared/protocol/Front.js", 353))
console.error: (new TypeError("parent is null", "resource://devtools/client/inspector/shared/style-change-tracker.js", 67))
TypeError: parent is null: canMutationImpactCurrentStyles@resource://devtools/client/inspector/shared/style-change-tracker.js:67:24
onMutations@resource://devtools/client/inspector/shared/style-change-tracker.js:84:41
_emit@resource://devtools/shared/event-emitter.js:226:34
emit@resource://devtools/shared/event-emitter.js:172:18
emit@resource://devtools/shared/event-emitter.js:324:18
getMutations@resource://devtools/client/fronts/walker.js:405:10

console.error: (new TypeError("container.node.targetFront is null", "resource://devtools/client/inspector/markup/markup.js", 2252))
console.error: (new TypeError("container.node.targetFront is null", "resource://devtools/client/inspector/markup/markup.js", 2252))
console.error: (new TypeError("container.node.targetFront is null", "resource://devtools/client/inspector/markup/markup.js", 2252))
console.error: (new TypeError("container.node.targetFront is null", "resource://devtools/client/inspector/markup/markup.js", 2252))
console.error: (new TypeError("container.node.targetFront is null", "resource://devtools/client/inspector/markup/markup.js", 2252))
console.error: (new TypeError("container.node.targetFront is null", "resource://devtools/client/inspector/markup/markup.js", 2252))
console.error: (new TypeError("container.node.targetFront is null", "resource://devtools/client/inspector/markup/markup.js", 2252))
console.error: (new TypeError("container.node.targetFront is null", "resource://devtools/client/inspector/markup/markup.js", 2252))
console.error: (new TypeError("container.node.targetFront is null", "resource://devtools/client/inspector/markup/markup.js", 2252))
console.error: (new TypeError("container.node.targetFront is null", "resource://devtools/client/inspector/markup/markup.js", 2252))
JavaScript error: resource://devtools/client/inspector/markup/views/element-editor.js, line 508: TypeError: this.node.walkerFront is null
console.warn: "Async method failed in safeAsyncMethod" (new Error("Connection closed, pending request to server0.conn0.child3/domwalker24, type cancelPick failed\n\nRequest stack:\nrequest@resource://devtools/shared/protocol/Front.js:280:14\ngenerateRequestMethods/</frontProto[name]@resource://devtools/shared/protocol/Front/FrontClassWithSpec.js:46:19\ncancelPick@resource://devtools/client/fronts/walker.js:617:18\nexports.safeAsyncMethod/<@resource://devtools/shared/async-utils.js:57:25\n_onInspectorFrontDestroyed@resource://devtools/client/inspector/node-picker.js:112:18\n_emit@resource://devtools/shared/event-emitter.js:226:34\1606872720407	Marionette	INFO	Stopped listening on port 61408

###!!! [Child][RunMessage] Error: Channel closing: too late to send/recv, messages will be lost


###!!! [Child][MessageChannel::SendAndWait] Error: Channel error: cannot send/recv

e://devtools/shared/protocol/Front.js:65:11\ndestroy@resource://devtools/client/fronts/inspector.js:104:11\n_destroyTarget@resource://devtools/client/fronts/targets/target-mixin.js:664:17\n", "resource://devtools/shared/protocol/Front.js", 101))
1606872720512	Marionette	INFO	Stopped listening on port 61013

###!!! [Child][RunMessage] Error: Channel closing: too late to send/recv, messages will be lost


###!!! [Child][MessageChannel::SendAndWait] Error: Channel error: cannot send/recv

: too late to send/recv, messages will be lost


###!!! [Child][MessageChannel::SendAndWait] Error: Channel error: cannot send/recv

1606872722564	geckodriver	INFO	Listening on 127.0.0.1:61569
1606872725603	mozrunner::runner	INFO	Running command: "C:\\Program Files\\Mozilla Firefox\\firefox.exe" "--marionette" "-foreground" "-no-remote" "-profile" "C:\\Users\\lucas\\AppData\\Local\\Temp\\rust_mozprofileZcEBH9"
JavaScript error: resource://gre/modules/XULStore.jsm, line 66: Error: Can't find profile directory.
console.warn: SearchSettings: "get: No settings file exists, new profile?" (new Error("", "(unknown module)"))
1606872727611	Marionette	INFO	Listening on port 61577
1606872727663	Marionette	WARN	TLS certificate errors will be ignored for this session
1606872875079	Marionette	INFO	Stopped listening on port 61577

###!!! [Child][RunMessage] Error: Channel closing: too late to send/recv, messages will be lost


###!!! [Child][MessageChannel::SendAndWait] Error: Channel error: cannot send/recv

1606872876388	geckodriver	INFO	Listening on 127.0.0.1:61655
1606872879441	mozrunner::runner	INFO	Running command: "C:\\Program Files\\Mozilla Firefox\\firefox.exe" "--marionette" "-foreground" "-no-remote" "-profile" "C:\\Users\\lucas\\AppData\\Local\\Temp\\rust_mozprofilejvVIGb"
JavaScript error: resource://gre/modules/XULStore.jsm, line 66: Error: Can't find profile directory.
console.warn: SearchSettings: "get: No settings file exists, new profile?" (new Error("", "(unknown module)"))
1606872881545	Marionette	INFO	Listening on port 61667
1606872881610	Marionette	WARN	TLS certificate errors will be ignored for this session
console.warn: "Async method failed in safeAsyncMethod" (new Error("Connection closed, pending request to server0.conn1.child3/domwalker24, type cancelPick failed\n\nRequest stack:\nrequest@resource://devtools/shared/protocol/Front.js:280:14\ngenerateRequestMethods/</frontProto[name]@resource://devtools/shared/protocol/Front/FrontClassWithSpec.js:46:19\ncancelPick@resource://devtools/client/fronts/walker.js:617:18\nexports.safeAsyncMethod/<@resource://devtools/shared/async-utils.js:57:25\n_onInspectorFrontDestroyed@resource://devtools/client/inspector/node-picker.js:112:18\n_emit@resource://devtools/shared/event-emitter.js:226:34\nemit@resource://devtools/shared/event-emitter.js:172:18\nemit@resource://devtools/shared/event-emitter.js:324:18\nunmanage@resource://devtools/shared/protocol/Front.js:160:37\ndestroy@resource://devtools/shared/protocol/Pool.js:167:14\ndestroy@resource://devtools/shared/protocol/Front.js:65:11\ndestroy@resource://devtools/client/fronts/inspector.js:104:11\n_destroyTarget@resource://devtools/client/fronts/targets/target-mixin.js:664:17\n", "resource://devtools/shared/protocol/Front.js", 101))
IPDL protocol error: Handler returned error code!

###!!! [Parent][DispatchAsyncMessage] Error: PLayerTransaction::Msg_ReleaseLayer Processing error: message was deserialized, but the handler returned false (indicating failure)

IPDL protocol error: Handler returned error code!

###!!! [Parent][DispatchAsyncMessage] Error: PLayerTransaction::Msg_ReleaseLayer Processing error: message was deserialized, but the handler returned false (indicating failure)

IPDL protocol error: Handler returned error code!

###!!! [Parent][DispatchAsyncMessage] Error: PLayerTransaction::Msg_ReleaseLayer Processing error: message was deserialized, but the handler returned false (indicating failure)

IPDL protocol error: Handler returned error code!

###!!! [Parent][DispatchAsyncMessage] Error: PLayerTransaction::Msg_ReleaseLayer Processing error: message was deserialized, but the handler returned false (indicating failure)

IPDL protocol error: Handler returned error code!

###!!! [Parent][DispatchAsyncMessage] Error: PLayerTransaction::Msg_ReleaseLayer Processing error: message was deserialized, but the handler returned false (indicating failure)

IPDL protocol error: Handler returned error code!

###!!! [Parent][DispatchAsyncMessage] Error: PLayerTransaction::Msg_ReleaseLayer Processing error: message was deserialized, but the handler returned false (indicating failure)

IPDL protocol error: Handler returned error code!

###!!! [Parent][DispatchAsyncMessage] Error: PLayerTransaction::Msg_ReleaseLayer Processing error: message was deserialized, but the handler returned false (indicating failure)

IPDL protocol error: Handler returned error code!

###!!! [Parent][DispatchAsyncMessage] Error: PLayerTransaction::Msg_ReleaseLayer Processing error: message was deserialized, but the handler returned false (indicating failure)

IPDL protocol error: Handler returned error code!

###!!! [Parent][DispatchAsyncMessage] Error: PLayerTransaction::Msg_ReleaseLayer Processing error: message was deserialized, but the handler returned false (indicating failure)

IPDL protocol error: Handler returned error code!

###!!! [Parent][DispatchAsyncMessage] Error: PLayerTransaction::Msg_ReleaseLayer Processing error: message was deserialized, but the handler returned false (indicating failure)

IPDL protocol error: Handler returned error code!

###!!! [Parent][DispatchAsyncMessage] Error: PLayerTransaction::Msg_ReleaseLayer Processing error: message was deserialized, but the handler returned false (indicating failure)

IPDL protocol error: Handler returned error code!

###!!! [Parent][DispatchAsyncMessage] Error: PLayerTransaction::Msg_ReleaseLayer Processing error: message was deserialized, but the handler returned false (indicating failure)

IPDL protocol error: Handler returned error code!

###!!! [Parent][DispatchAsyncMessage] Error: PLayerTransaction::Msg_ReleaseLayer Processing error: message was deserialized, but the handler returned false (indicating failure)

IPDL protocol error: Handler returned error code!

###!!! [Parent][DispatchAsyncMessage] Error: PLayerTransaction::Msg_ReleaseLayer Processing error: message was deserialized, but the handler returned false (indicating failure)

IPDL protocol error: Handler returned error code!

###!!! [Parent][DispatchAsyncMessage] Error: PLayerTransaction::Msg_ReleaseLayer Processing error: message was deserialized, but the handler returned false (indicating failure)

IPDL protocol error: Handler returned error code!

###!!! [Parent][DispatchAsyncMessage] Error: PLayerTransaction::Msg_ReleaseLayer Processing error: message was deserialized, but the handler returned false (indicating failure)

1606873116121	Marionette	INFO	Stopped listening on port 61667

###!!! [Child][RunMessage] Error: Channel closing: too late to send/recv, messages will be lost


###!!! [Child][MessageChannel::SendAndWait] Error: Channel error: cannot send/recv

1606873880209	geckodriver	INFO	Listening on 127.0.0.1:61962
1606873883266	mozrunner::runner	INFO	Running command: "C:\\Program Files\\Mozilla Firefox\\firefox.exe" "--marionette" "-foreground" "-no-remote" "-profile" "C:\\Users\\lucas\\AppData\\Local\\Temp\\rust_mozprofile3I4Kg1"
JavaScript error: resource://gre/modules/XULStore.jsm, line 66: Error: Can't find profile directory.
console.warn: SearchSettings: "get: No settings file exists, new profile?" (new Error("", "(unknown module)"))
1606873885360	Marionette	INFO	Listening on port 61970
1606873885449	Marionette	WARN	TLS certificate errors will be ignored for this session
JavaScript error: https://www.facebook.com/instagram/login_sync/, line 4: ReferenceError: requireLazy is not defined
JavaScript error: https://www.facebook.com/instagram/login_sync/, line 9: ReferenceError: requireLazy is not defined
JavaScript error: https://www.facebook.com/instagram/login_sync/, line 10: ReferenceError: requireLazy is not defined
JavaScript error: https://www.facebook.com/instagram/login_sync/, line 11: ReferenceError: requireLazy is not defined
console.warn: "Async method failed in safeAsyncMethod" (new Error("Connection closed, pending request to server0.conn0.child3/domwalker24, type cancelPick failed\n\nRequest stack:\nrequest@resource://devtools/shared/protocol/Front.js:280:14\ngenerateRequestMethods/</frontProto[name]@resource://devtools/shared/protocol/Front/FrontClassWithSpec.js:46:19\ncancelPick@resource://devtools/client/fronts/walker.js:617:18\nexports.safeAsyncMethod/<@resource://devtools/shared/async-utils.js:57:25\n_onInspectorFrontDestroyed@resource://devtools/client/inspector/node-picker.js:112:18\n_emit@resource://devtools/shared/event-emitter.js:226:34\nemit@resource://devtools/shared/event-emitter.js:172:18\nemit@resource://devtools/shared/event-emitter.js:324:18\nunmanage@resource://devtools/shared/protocol/Front.js:160:37\ndestroy@resource://devtools/shared/protocol/Pool.js:167:14\ndestroy@resource://devtools/shared/protocol/Front.js:65:11\ndestroy@resource://devtools/client/fronts/inspector.js:104:11\n_destroyTarget@resource://devtools/client/fronts/targets/target-mixin.js:664:17\n", "resource://devtools/shared/protocol/Front.js", 101))
IPDL protocol error: Handler returned error code!

###!!! [Parent][DispatchAsyncMessage] Error: PLayerTransaction::Msg_ReleaseLayer Processing error: message was deserialized, but the handler returned false (indicating failure)

IPDL protocol error: Handler returned error code!

###!!! [Parent][DispatchAsyncMessage] Error: PLayerTransaction::Msg_ReleaseLayer Processing error: message was deserialized, but the handler returned false (indicating failure)

IPDL protocol error: Handler returned error code!

###!!! [Parent][DispatchAsyncMessage] Error: PLayerTransaction::Msg_ReleaseLayer Processing error: message was deserialized, but the handler returned false (indicating failure)

IPDL protocol error: Handler returned error code!

###!!! [Parent][DispatchAsyncMessage] Error: PLayerTransaction::Msg_ReleaseLayer Processing error: message was deserialized, but the handler returned false (indicating failure)

IPDL protocol error: Handler returned error code!

###!!! [Parent][DispatchAsyncMessage] Error: PLayerTransaction::Msg_ReleaseLayer Processing error: message was deserialized, but the handler returned false (indicating failure)

IPDL protocol error: Handler returned error code!

###!!! [Parent][DispatchAsyncMessage] Error: PLayerTransaction::Msg_ReleaseLayer Processing error: message was deserialized, but the handler returned false (indicating failure)

IPDL protocol error: Handler returned error code!

###!!! [Parent][DispatchAsyncMessage] Error: PLayerTransaction::Msg_ReleaseLayer Processing error: message was deserialized, but the handler returned false (indicating failure)

IPDL protocol error: Handler returned error code!

###!!! [Parent][DispatchAsyncMessage] Error: PLayerTransaction::Msg_ReleaseLayer Processing error: message was deserialized, but the handler returned false (indicating failure)

IPDL protocol error: Handler returned error code!

###!!! [Parent][DispatchAsyncMessage] Error: PLayerTransaction::Msg_ReleaseLayer Processing error: message was deserialized, but the handler returned false (indicating failure)

IPDL protocol error: Handler returned error code!

###!!! [Parent][DispatchAsyncMessage] Error: PLayerTransaction::Msg_ReleaseLayer Processing error: message was deserialized, but the handler returned false (indicating failure)

IPDL protocol error: Handler returned error code!

###!!! [Parent][DispatchAsyncMessage] Error: PLayerTransaction::Msg_ReleaseLayer Processing error: message was deserialized, but the handler returned false (indicating failure)

IPDL protocol error: Handler returned error code!

###!!! [Parent][DispatchAsyncMessage] Error: PLayerTransaction::Msg_ReleaseLayer Processing error: message was deserialized, but the handler returned false (indicating failure)

IPDL protocol error: Handler returned error code!

###!!! [Parent][DispatchAsyncMessage] Error: PLayerTransaction::Msg_ReleaseLayer Processing error: message was deserialized, but the handler returned false (indicating failure)

IPDL protocol error: Handler returned error code!

###!!! [Parent][DispatchAsyncMessage] Error: PLayerTransaction::Msg_ReleaseLayer Processing error: message was deserialized, but the handler returned false (indicating failure)

IPDL protocol error: Handler returned error code!

###!!! [Parent][DispatchAsyncMessage] Error: PLayerTransaction::Msg_ReleaseLayer Processing error: message was deserialized, but the handler returned false (indicating failure)

IPDL protocol error: Handler returned error code!

###!!! [Parent][DispatchAsyncMessage] Error: PLayerTransaction::Msg_ReleaseLayer Processing error: message was deserialized, but the handler returned false (indicating failure)

IPDL protocol error: Handler returned error code!

###!!! [Parent][DispatchAsyncMessage] Error: PLayerTransaction::Msg_ReleaseLayer Processing error: message was deserialized, but the handler returned false (indicating failure)

1606874336428	Marionette	INFO	Stopped listening on port 61970

###!!! [Child][RunMessage] Error: Channel closing: too late to send/recv, messages will be lost


###!!! [Child][MessageChannel::SendAndWait] Error: Channel error: cannot send/recv

1606874338331	geckodriver	INFO	Listening on 127.0.0.1:62142
1606874341391	mozrunner::runner	INFO	Running command: "C:\\Program Files\\Mozilla Firefox\\firefox.exe" "--marionette" "-foreground" "-no-remote" "-profile" "C:\\Users\\lucas\\AppData\\Local\\Temp\\rust_mozprofilen2Iqnv"
JavaScript error: resource://gre/modules/XULStore.jsm, line 66: Error: Can't find profile directory.
console.warn: SearchSettings: "get: No settings file exists, new profile?" (new Error("", "(unknown module)"))
1606874343510	Marionette	INFO	Listening on port 62151
1606874343564	Marionette	WARN	TLS certificate errors will be ignored for this session
JavaScript error: https://www.facebook.com/instagram/login_sync/, line 4: ReferenceError: requireLazy is not defined
JavaScript error: https://www.facebook.com/instagram/login_sync/, line 9: ReferenceError: requireLazy is not defined
JavaScript error: https://www.facebook.com/instagram/login_sync/, line 10: ReferenceError: requireLazy is not defined

###!!! [Child][RunMessage] Error: Channel closing: too late to send/recv, messages will be lost

1606874453847	Marionette	INFO	Stopped listening on port 62151

###!!! [Child][RunMessage] Error: Channel closing: too late to send/recv, messages will be lost


###!!! [Child][MessageChannel::SendAndWait] Error: Channel error: cannot send/recv

an't find profile directory.
console.warn: SearchSettings: "get: No settings file exists, new profile?" (new Error("", "(unknown module)"))
1606874420722	Marionette	INFO	Listening on port 62223
1606874420784	Marionette	WARN	TLS certificate errors will be ignored for this session
JavaScript error: , line 0: uncaught exception: Object
JavaScript error: , line 0: uncaught exception: Object
1606874457700	Marionette	INFO	Stopped listening on port 62223

###!!! [Child][RunMessage] Error: Channel closing: too late to send/recv, messages will be lost


###!!! [Child][MessageChannel::SendAndWait] Error: Channel error: cannot send/recv

1606874673661	geckodriver	INFO	Listening on 127.0.0.1:62298
1606874676716	mozrunner::runner	INFO	Running command: "C:\\Program Files\\Mozilla Firefox\\firefox.exe" "--marionette" "-foreground" "-no-remote" "-profile" "C:\\Users\\lucas\\AppData\\Local\\Temp\\rust_mozprofileMeZVsL"
JavaScript error: resource://gre/modules/XULStore.jsm, line 66: Error: Can't find profile directory.
console.warn: SearchSettings: "get: No settings file exists, new profile?" (new Error("", "(unknown module)"))
1606874678804	Marionette	INFO	Listening on port 62307
1606874678885	Marionette	WARN	TLS certificate errors will be ignored for this session
1606875586413	Marionette	INFO	Stopped listening on port 62307

###!!! [Child][RunMessage] Error: Channel closing: too late to send/recv, messages will be lost


###!!! [Child][MessageChannel::SendAndWait] Error: Channel error: cannot send/recv

Temp\\rust_mozprofilehE3nN6"
JavaScript error: resource://gre/modules/XULStore.jsm, line 66: Error: Can't find profile directory.
console.warn: SearchSettings: "get: No settings file exists, new profile?" (new Error("", "(unknown module)"))
1606874859190	Marionette	INFO	Listening on port 62393
1606874859315	Marionette	WARN	TLS certificate errors will be ignored for this session
IPDL protocol error: Handler returned error code!

###!!! [Parent][DispatchAsyncMessage] Error: PLayerTransaction::Msg_ReleaseLayer Processing error: message was deserialized, but the handler returned false (indicating failure)

IPDL protocol error: Handler returned error code!

###!!! [Parent][DispatchAsyncMessage] Error: PLayerTransaction::Msg_ReleaseLayer Processing error: message was deserialized, but the handler returned false (indicating failure)

IPDL protocol error: Handler returned error code!

###!!! [Parent][DispatchAsyncMessage] Error: PLayerTransaction::Msg_ReleaseLayer Processing error: message was deserialized, but the handler returned false (indicating failure)

IPDL protocol error: Handler returned error code!

###!!! [Parent][DispatchAsyncMessage] Error: PLayerTransaction::Msg_ReleaseLayer Processing error: message was deserialized, but the handler returned false (indicating failure)

IPDL protocol error: Handler returned error code!

###!!! [Parent][DispatchAsyncMessage] Error: PLayerTransaction::Msg_ReleaseLayer Processing error: message was deserialized, but the handler returned false (indicating failure)

IPDL protocol error: Handler returned error code!

###!!! [Parent][DispatchAsyncMessage] Error: PLayerTransaction::Msg_ReleaseLayer Processing error: message was deserialized, but the handler returned false (indicating failure)

IPDL protocol error: Handler returned error code!

###!!! [Parent][DispatchAsyncMessage] Error: PLayerTransaction::Msg_ReleaseLayer Processing error: message was deserialized, but the handler returned false (indicating failure)

IPDL protocol error: Handler returned error code!

###!!! [Parent][DispatchAsyncMessage] Error: PLayerTransaction::Msg_ReleaseLayer Processing error: message was deserialized, but the handler returned false (indicating failure)

IPDL protocol error: Handler returned error code!

###!!! [Parent][DispatchAsyncMessage] Error: PLayerTransaction::Msg_ReleaseLayer Processing error: message was deserialized, but the handler returned false (indicating failure)

IPDL protocol error: Handler returned error code!

###!!! [Parent][DispatchAsyncMessage] Error: PLayerTransaction::Msg_ReleaseLayer Processing error: message was deserialized, but the handler returned false (indicating failure)

IPDL protocol error: Handler returned error code!

###!!! [Parent][DispatchAsyncMessage] Error: PLayerTransaction::Msg_ReleaseLayer Processing error: message was deserialized, but the handler returned false (indicating failure)

IPDL protocol error: Handler returned error code!

###!!! [Parent][DispatchAsyncMessage] Error: PLayerTransaction::Msg_ReleaseLayer Processing error: message was deserialized, but the handler returned false (indicating failure)

IPDL protocol error: Handler returned error code!

###!!! [Parent][DispatchAsyncMessage] Error: PLayerTransaction::Msg_ReleaseLayer Processing error: message was deserialized, but the handler returned false (indicating failure)

IPDL protocol error: Handler returned error code!

###!!! [Parent][DispatchAsyncMessage] Error: PLayerTransaction::Msg_ReleaseLayer Processing error: message was deserialized, but the handler returned false (indicating failure)

IPDL protocol error: Handler returned error code!

###!!! [Parent][DispatchAsyncMessage] Error: PLayerTransaction::Msg_ReleaseLayer Processing error: message was deserialized, but the handler returned false (indicating failure)

IPDL protocol error: Handler returned error code!

###!!! [Parent][DispatchAsyncMessage] Error: PLayerTransaction::Msg_ReleaseLayer Processing error: message was deserialized, but the handler returned false (indicating failure)

IPDL protocol error: Handler returned error code!

###!!! [Parent][DispatchAsyncMessage] Error: PLayerTransaction::Msg_ReleaseLayer Processing error: message was deserialized, but the handler returned false (indicating failure)

1606875582516	Marionette	INFO	Stopped listening on port 62393

###!!! [Child][RunMessage] Error: Channel closing: too late to send/recv, messages will be lost


###!!! [Child][MessageChannel::SendAndWait] Error: Channel error: cannot send/recv

1606875589114	geckodriver	INFO	Listening on 127.0.0.1:62560
1606875592164	mozrunner::runner	INFO	Running command: "C:\\Program Files\\Mozilla Firefox\\firefox.exe" "--marionette" "-foreground" "-no-remote" "-profile" "C:\\Users\\lucas\\AppData\\Local\\Temp\\rust_mozprofiledjYvS3"
JavaScript error: resource://gre/modules/XULStore.jsm, line 66: Error: Can't find profile directory.
console.warn: SearchSettings: "get: No settings file exists, new profile?" (new Error("", "(unknown module)"))
1606875594228	Marionette	INFO	Listening on port 62569
1606875594263	Marionette	WARN	TLS certificate errors will be ignored for this session
1606875610700	Marionette	WARN	TimedPromise timed out after 500 ms: stacktrace:
TimedPromise/<@chrome://marionette/content/sync.js:228:19
TimedPromise@chrome://marionette/content/sync.js:213:10
interaction.flushEventLoop@chrome://marionette/content/interaction.js:418:10
webdriverClickElement@chrome://marionette/content/interaction.js:179:31
1606875916630	Marionette	INFO	Stopped listening on port 62569

###!!! [Child][RunMessage] Error: Channel closing: too late to send/recv, messages will be lost


###!!! [Child][MessageChannel::SendAndWait] Error: Channel error: cannot send/recv

Temp\\rust_mozprofileUfftiP"
JavaScript error: resource://gre/modules/XULStore.jsm, line 66: Error: Can't find profile directory.
console.warn: SearchSettings: "get: No settings file exists, new profile?" (new Error("", "(unknown module)"))
1606875681959	Marionette	INFO	Listening on port 62637
1606875682041	Marionette	WARN	TLS certificate errors will be ignored for this session
1606875698758	Marionette	WARN	TimedPromise timed out after 500 ms: stacktrace:
TimedPromise/<@chrome://marionette/content/sync.js:228:19
TimedPromise@chrome://marionette/content/sync.js:213:10
interaction.flushEventLoop@chrome://marionette/content/interaction.js:418:10
webdriverClickElement@chrome://marionette/content/interaction.js:179:31
1606875909128	Marionette	INFO	Stopped listening on port 62637

###!!! [Child][RunMessage] Error: Channel closing: too late to send/recv, messages will be lost


###!!! [Child][MessageChannel::SendAndWait] Error: Channel error: cannot send/recv

1606875918718	geckodriver	INFO	Listening on 127.0.0.1:62728
1606875921770	mozrunner::runner	INFO	Running command: "C:\\Program Files\\Mozilla Firefox\\firefox.exe" "--marionette" "-foreground" "-no-remote" "-profile" "C:\\Users\\lucas\\AppData\\Local\\Temp\\rust_mozprofileg2kQ4T"
JavaScript error: resource://gre/modules/XULStore.jsm, line 66: Error: Can't find profile directory.
console.warn: SearchSettings: "get: No settings file exists, new profile?" (new Error("", "(unknown module)"))
1606875924132	Marionette	INFO	Listening on port 62737
1606875924474	Marionette	WARN	TLS certificate errors will be ignored for this session
Marionette threw an error: TypeError: this.curBrowser.messageManager is null
GeckoDriver.prototype.sendAsync@chrome://marionette/content/driver.js:361:5
send/<@chrome://marionette/content/proxy.js:190:12
send@chrome://marionette/content/proxy.js:124:12
get/<@chrome://marionette/content/proxy.js:37:29
GeckoDriver.prototype._getCurrentURL@chrome://marionette/content/driver.js:320:33
GeckoDriver.prototype.navigateTo@chrome://marionette/content/driver.js:1196:33
observe@resource://gre/modules/AsyncShutdown.jsm:554:16

console.error: services.settings: 
  main/nimbus-desktop-experiments Signature failed  TypeError: NetworkError when attempting to fetch resource.
console.error: services.settings: 
  main/fxmonitor-breaches Signature failed  TypeError: NetworkError when attempting to fetch resource.
1606875925006	Marionette	INFO	Stopped listening on port 62737

###!!! [Child][RunMessage] Error: Channel closing: too late to send/recv, messages will be lost


###!!! [Child][MessageChannel::SendAndWait] Error: Channel error: cannot send/recv

1606875956754	geckodriver	INFO	Listening on 127.0.0.1:62775
1606875959818	mozrunner::runner	INFO	Running command: "C:\\Program Files\\Mozilla Firefox\\firefox.exe" "--marionette" "-foreground" "-no-remote" "-profile" "C:\\Users\\lucas\\AppData\\Local\\Temp\\rust_mozprofile9VT45V"
JavaScript error: resource://gre/modules/XULStore.jsm, line 66: Error: Can't find profile directory.
console.warn: SearchSettings: "get: No settings file exists, new profile?" (new Error("", "(unknown module)"))
1606875961988	Marionette	INFO	Listening on port 62783
1606875962491	Marionette	WARN	TLS certificate errors will be ignored for this session
1606875979873	Marionette	WARN	TimedPromise timed out after 500 ms: stacktrace:
TimedPromise/<@chrome://marionette/content/sync.js:228:19
TimedPromise@chrome://marionette/content/sync.js:213:10
interaction.flushEventLoop@chrome://marionette/content/interaction.js:418:10
webdriverClickElement@chrome://marionette/content/interaction.js:179:31
1606876913431	Marionette	INFO	Stopped listening on port 62783

###!!! [Child][RunMessage] Error: Channel closing: too late to send/recv, messages will be lost


###!!! [Child][MessageChannel::SendAndWait] Error: Channel error: cannot send/recv

1606878671136	geckodriver	INFO	Listening on 127.0.0.1:63406
1606878674179	mozrunner::runner	INFO	Running command: "C:\\Program Files\\Mozilla Firefox\\firefox.exe" "--marionette" "-foreground" "-no-remote" "-profile" "C:\\Users\\lucas\\AppData\\Local\\Temp\\rust_mozprofileOwSawC"
JavaScript error: resource://gre/modules/XULStore.jsm, line 66: Error: Can't find profile directory.
console.warn: SearchSettings: "get: No settings file exists, new profile?" (new Error("", "(unknown module)"))
1606878676313	Marionette	INFO	Listening on port 63414
1606878676364	Marionette	WARN	TLS certificate errors will be ignored for this session
1606878788293	Marionette	INFO	Stopped listening on port 63414

###!!! [Child][RunMessage] Error: Channel closing: too late to send/recv, messages will be lost


###!!! [Child][MessageChannel::SendAndWait] Error: Channel error: cannot send/recv

1606878790216	geckodriver	INFO	Listening on 127.0.0.1:63484
1606878793251	mozrunner::runner	INFO	Running command: "C:\\Program Files\\Mozilla Firefox\\firefox.exe" "--marionette" "-foreground" "-no-remote" "-profile" "C:\\Users\\lucas\\AppData\\Local\\Temp\\rust_mozprofile0YUepv"
JavaScript error: resource://gre/modules/XULStore.jsm, line 66: Error: Can't find profile directory.
console.warn: SearchSettings: "get: No settings file exists, new profile?" (new Error("", "(unknown module)"))
1606878795348	Marionette	INFO	Listening on port 63492
1606878795421	Marionette	WARN	TLS certificate errors will be ignored for this session
1606878832284	Marionette	INFO	Stopped listening on port 63492

###!!! [Child][RunMessage] Error: Channel closing: too late to send/recv, messages will be lost


###!!! [Child][MessageChannel::SendAndWait] Error: Channel error: cannot send/recv

1606878962327	geckodriver	INFO	Listening on 127.0.0.1:63580
1606878965383	mozrunner::runner	INFO	Running command: "C:\\Program Files\\Mozilla Firefox\\firefox.exe" "--marionette" "-foreground" "-no-remote" "-profile" "C:\\Users\\lucas\\AppData\\Local\\Temp\\rust_mozprofilev1Q2nC"
JavaScript error: resource://gre/modules/XULStore.jsm, line 66: Error: Can't find profile directory.
console.warn: SearchSettings: "get: No settings file exists, new profile?" (new Error("", "(unknown module)"))
1606878967518	Marionette	INFO	Listening on port 63588
1606878967564	Marionette	WARN	TLS certificate errors will be ignored for this session
1606879006336	Marionette	INFO	Stopped listening on port 63588

###!!! [Child][RunMessage] Error: Channel closing: too late to send/recv, messages will be lost


###!!! [Child][MessageChannel::SendAndWait] Error: Channel error: cannot send/recv

1606879008677	geckodriver	INFO	Listening on 127.0.0.1:63645
1606879011728	mozrunner::runner	INFO	Running command: "C:\\Program Files\\Mozilla Firefox\\firefox.exe" "--marionette" "-foreground" "-no-remote" "-profile" "C:\\Users\\lucas\\AppData\\Local\\Temp\\rust_mozprofilewuZh0P"
JavaScript error: resource://gre/modules/XULStore.jsm, line 66: Error: Can't find profile directory.
console.warn: SearchSettings: "get: No settings file exists, new profile?" (new Error("", "(unknown module)"))
1606879013848	Marionette	INFO	Listening on port 63653
1606879013899	Marionette	WARN	TLS certificate errors will be ignored for this session
1606879030471	Marionette	WARN	TimedPromise timed out after 500 ms: stacktrace:
TimedPromise/<@chrome://marionette/content/sync.js:228:19
TimedPromise@chrome://marionette/content/sync.js:213:10
interaction.flushEventLoop@chrome://marionette/content/interaction.js:418:10
webdriverClickElement@chrome://marionette/content/interaction.js:179:31
JavaScript error: https://www.instagram.com/static/bundles/es6/DirectMQTT.js/1a13aad1cfb6.js, line 14: Error: Publish Timed Out
JavaScript error: https://www.instagram.com/static/bundles/es6/DirectMQTT.js/1a13aad1cfb6.js, line 14: Error: Publish Timed Out
JavaScript error: https://www.instagram.com/static/bundles/es6/DirectMQTT.js/1a13aad1cfb6.js, line 14: Error: Publish Timed Out
1606879630052	Marionette	INFO	Stopped listening on port 63653

###!!! [Child][MessageChannel::SendAndWait] Error: Channel error: cannot send/recv

1606879742797	geckodriver	INFO	Listening on 127.0.0.1:63807
1606879745884	mozrunner::runner	INFO	Running command: "C:\\Program Files\\Mozilla Firefox\\firefox.exe" "--marionette" "-foreground" "-no-remote" "-profile" "C:\\Users\\lucas\\AppData\\Local\\Temp\\rust_mozprofiledFCC7H"
JavaScript error: resource://gre/modules/XULStore.jsm, line 66: Error: Can't find profile directory.
console.warn: SearchSettings: "get: No settings file exists, new profile?" (new Error("", "(unknown module)"))
1606879748006	Marionette	INFO	Listening on port 63815
1606879748050	Marionette	WARN	TLS certificate errors will be ignored for this session
1606879764971	Marionette	WARN	TimedPromise timed out after 500 ms: stacktrace:
TimedPromise/<@chrome://marionette/content/sync.js:228:19
TimedPromise@chrome://marionette/content/sync.js:213:10
interaction.flushEventLoop@chrome://marionette/content/interaction.js:418:10
webdriverClickElement@chrome://marionette/content/interaction.js:179:31
1606879891064	Marionette	INFO	Stopped listening on port 63815

###!!! [Child][RunMessage] Error: Channel closing: too late to send/recv, messages will be lost


###!!! [Child][MessageChannel::SendAndWait] Error: Channel error: cannot send/recv

1606879930910	geckodriver	INFO	Listening on 127.0.0.1:63897
1606879933958	mozrunner::runner	INFO	Running command: "C:\\Program Files\\Mozilla Firefox\\firefox.exe" "--marionette" "-foreground" "-no-remote" "-profile" "C:\\Users\\lucas\\AppData\\Local\\Temp\\rust_mozprofile2rZtMv"
JavaScript error: resource://gre/modules/XULStore.jsm, line 66: Error: Can't find profile directory.
console.warn: SearchSettings: "get: No settings file exists, new profile?" (new Error("", "(unknown module)"))
1606879936017	Marionette	INFO	Listening on port 63906
1606879936119	Marionette	WARN	TLS certificate errors will be ignored for this session
JavaScript error: , line 0: uncaught exception: Object
1606879953408	Marionette	WARN	TimedPromise timed out after 500 ms: stacktrace:
TimedPromise/<@chrome://marionette/content/sync.js:228:19
TimedPromise@chrome://marionette/content/sync.js:213:10
interaction.flushEventLoop@chrome://marionette/content/interaction.js:418:10
webdriverClickElement@chrome://marionette/content/interaction.js:179:31
1606880008011	Marionette	INFO	Stopped listening on port 63906

###!!! [Child][RunMessage] Error: Channel closing: too late to send/recv, messages will be lost


###!!! [Child][MessageChannel::SendAndWait] Error: Channel error: cannot send/recv

Temp\\rust_mozprofilea4EbQy"
JavaScript error: resource://gre/modules/XULStore.jsm, line 66: Error: Can't find profile directory.
console.warn: SearchSettings: "get: No settings file exists, new profile?" (new Error("", "(unknown module)"))
1606880009284	Marionette	INFO	Listening on port 63974
1606880009697	Marionette	WARN	TLS certificate errors will be ignored for this session
1606880026121	Marionette	WARN	TimedPromise timed out after 500 ms: stacktrace:
TimedPromise/<@chrome://marionette/content/sync.js:228:19
TimedPromise@chrome://marionette/content/sync.js:213:10
interaction.flushEventLoop@chrome://marionette/content/interaction.js:418:10
webdriverClickElement@chrome://marionette/content/interaction.js:179:31
1606880381662	Marionette	INFO	Stopped listening on port 63971606880381886	mozrunner::runner	INFO	Running command: "C:\\Program Files\\Mozilla Firefox\\firefox.exe" "--marionette" "-foreground" "-no-remote" "-profile" "C:\\Users\\lucas\\AppData\\Local\\Temp\\rust_mozprofilerc90TJ"
JavaScript error: resource://gre/modules/XULStore.jsm, line 66: Error: Can't find profile directory.
console.warn: SearchSettings: "get: No settings file exists, new profile?" (new Error("", "(unknown module)"))
1606880383998	Marionette	INFO	Listening on port 64065
1606880384052	Marionette	WARN	TLS certificate errors will be ignored for this session
1606880400469	Marionette	WARN	TimedPromise timed out after 500 ms: stacktrace:
TimedPromise/<@chrome://marionette/content/sync.js:228:19
TimedPromise@chrome://marionette/content/sync.js:213:10
interaction.flushEventLoop@chrome://marionette/content/interaction.js:418:10
webdriverClickElement@chrome://marionette/content/interaction.js:179:31
1606880550236	Marionette	INFO	Stopped listening on port 64065

###!!! [Child][RunMessage] Error: Channel closing: too late to send/recv, messages will be lost


###!!! [Child][MessageChannel::SendAndWait] Error: Channel error: cannot send/recv

1606880551786	geckodriver	INFO	Listening on 127.0.0.1:64134
1606880554821	mozrunner::runner	INFO	Running command: "C:\\Program Files\\Mozilla Firefox\\firefox.exe" "--marionette" "-foreground" "-no-remote" "-profile" "C:\\Users\\lucas\\AppData\\Local\\Temp\\rust_mozprofilegMFCFE"
JavaScript error: resource://gre/modules/XULStore.jsm, line 66: Error: Can't find profile directory.
console.warn: SearchSettings: "get: No settings file exists, new profile?" (new Error("", "(unknown module)"))
1606880556855	Marionette	INFO	Listening on port 64142
1606880556885	Marionette	WARN	TLS certificate errors will be ignored for this session
1606880573544	Marionette	WARN	TimedPromise timed out after 500 ms: stacktrace:
TimedPromise/<@chrome://marionette/content/sync.js:228:19
TimedPromise@chrome://marionette/content/sync.js:213:10
interaction.flushEventLoop@chrome://marionette/content/interaction.js:418:10
webdriverClickElement@chrome://marionette/content/interaction.js:179:31
1606880942377	Marionette	INFO	Stopped listening on port 64142

###!!! [Child][RunMessage] Error: Channel closing: too late to send/recv, messages will be lost


###!!! [Child][MessageChannel::SendAndWait] Error: Channel error: cannot send/recv

1606880943846	geckodriver	INFO	Listening on 127.0.0.1:64225
1606880946897	mozrunner::runner	INFO	Running command: "C:\\Program Files\\Mozilla Firefox\\firefox.exe" "--marionette" "-foreground" "-no-remote" "-profile" "C:\\Users\\lucas\\AppData\\Local\\Temp\\rust_mozprofilevXvcoM"
JavaScript error: resource://gre/modules/XULStore.jsm, line 66: Error: Can't find profile directory.
console.warn: SearchSettings: "get: No settings file exists, new profile?" (new Error("", "(unknown module)"))
1606880948910	Marionette	INFO	Listening on port 64233
1606880948956	Marionette	WARN	TLS certificate errors will be ignored for this session
1606880966024	Marionette	WARN	TimedPromise timed out after 500 ms: stacktrace:
TimedPromise/<@chrome://marionette/content/sync.js:228:19
TimedPromise@chrome://marionette/content/sync.js:213:10
interaction.flushEventLoop@chrome://marionette/content/interaction.js:418:10
webdriverClickElement@chrome://marionette/content/interaction.js:179:31
1606880987526	Marionette	INFO	Stopped listening on port 64233

###!!! [Child][RunMessage] Error: Channel closing: too late to send/recv, messages will be lost


###!!! [Child][MessageChannel::SendAndWait] Error: Channel error: cannot send/recv

1606880989294	geckodriver	INFO	Listening on 127.0.0.1:64291
1606880992324	mozrunner::runner	INFO	Running command: "C:\\Program Files\\Mozilla Firefox\\firefox.exe" "--marionette" "-foreground" "-no-remote" "-profile" "C:\\Users\\lucas\\AppData\\Local\\Temp\\rust_mozprofileUFWEtz"
JavaScript error: resource://gre/modules/XULStore.jsm, line 66: Error: Can't find profile directory.
console.warn: SearchSettings: "get: No settings file exists, new profile?" (new Error("", "(unknown module)"))
1606880994256	Marionette	INFO	Listening on port 64300
1606880994384	Marionette	WARN	TLS certificate errors will be ignored for this session
1606881010382	Marionette	WARN	TimedPromise timed out after 500 ms: stacktrace:
TimedPromise/<@chrome://marionette/content/sync.js:228:19
TimedPromise@chrome://marionette/content/sync.js:213:10
interaction.flushEventLoop@chrome://marionette/content/interaction.js:418:10
webdriverClickElement@chrome://marionette/content/interaction.js:179:31
1606881057547	Marionette	INFO	Stopped listening on port 64300

###!!! [Child][RunMessage] Error: Channel closing: too late to send/recv, messages will be lost


###!!! [Child][MessageChannel::SendAndWait] Error: Channel error: cannot send/recv

1606881059605	geckodriver	INFO	Listening on 127.0.0.1:64363
1606881062643	mozrunner::runner	INFO	Running command: "C:\\Program Files\\Mozilla Firefox\\firefox.exe" "--marionette" "-foreground" "-no-remote" "-profile" "C:\\Users\\lucas\\AppData\\Local\\Temp\\rust_mozprofile8QlAVt"
JavaScript error: resource://gre/modules/XULStore.jsm, line 66: Error: Can't find profile directory.
console.warn: SearchSettings: "get: No settings file exists, new profile?" (new Error("", "(unknown module)"))
1606881064665	Marionette	INFO	Listening on port 64371
1606881064700	Marionette	WARN	TLS certificate errors will be ignored for this session
1606881081875	Marionette	WARN	TimedPromise timed out after 500 ms: stacktrace:
TimedPromise/<@chrome://marionette/content/sync.js:228:19
TimedPromise@chrome://marionette/content/sync.js:213:10
interaction.flushEventLoop@chrome://marionette/content/interaction.js:418:10
webdriverClickElement@chrome://marionette/content/interaction.js:179:31
1606881110839	Marionette	INFO	Stopped listening on port 64371

###!!! [Child][RunMessage] Error: Channel closing: too late to send/recv, messages will be lost


###!!! [Child][MessageChannel::SendAndWait] Error: Channel error: cannot send/recv

1606881111938	geckodriver	INFO	Listening on 127.0.0.1:64426
1606881114976	mozrunner::runner	INFO	Running command: "C:\\Program Files\\Mozilla Firefox\\firefox.exe" "--marionette" "-foreground" "-no-remote" "-profile" "C:\\Users\\lucas\\AppData\\Local\\Temp\\rust_mozprofile7z8meB"
JavaScript error: resource://gre/modules/XULStore.jsm, line 66: Error: Can't find profile directory.
console.warn: SearchSettings: "get: No settings file exists, new profile?" (new Error("", "(unknown module)"))
1606881116960	Marionette	INFO	Listening on port 64434
1606881117044	Marionette	WARN	TLS certificate errors will be ignored for this session
1606881133688	Marionette	WARN	TimedPromise timed out after 500 ms: stacktrace:
TimedPromise/<@chrome://marionette/content/sync.js:228:19
TimedPromise@chrome://marionette/content/sync.js:213:10
interaction.flushEventLoop@chrome://marionette/content/interaction.js:418:10
webdriverClickElement@chrome://marionette/content/interaction.js:179:31
1606881420563	Marionette	INFO	Stopped listening on port 64434

###!!! [Child][MessageChannel::SendAndWait] Error: Channel error: cannot send/recv

1606881424891	geckodriver	INFO	Listening on 127.0.0.1:64526
1606881427949	mozrunner::runner	INFO	Running command: "C:\\Program Files\\Mozilla Firefox\\firefox.exe" "--marionette" "-foreground" "-no-remote" "-profile" "C:\\Users\\lucas\\AppData\\Local\\Temp\\rust_mozprofileQvzxcr"
JavaScript error: resource://gre/modules/XULStore.jsm, line 66: Error: Can't find profile directory.
console.warn: SearchSettings: "get: No settings file exists, new profile?" (new Error("", "(unknown module)"))
1606881429923	Marionette	INFO	Listening on port 64534
1606881430017	Marionette	WARN	TLS certificate errors will be ignored for this session
1606881445965	Marionette	WARN	TimedPromise timed out after 500 ms: stacktrace:
TimedPromise/<@chrome://marionette/content/sync.js:228:19
TimedPromise@chrome://marionette/content/sync.js:213:10
interaction.flushEventLoop@chrome://marionette/content/interaction.js:418:10
webdriverClickElement@chrome://marionette/content/interaction.js:179:31
1606881921214	Marionette	INFO	Stopped listening on port 64534

###!!! [Child][RunMessage] Error: Channel closing: too late to send/recv, messages will be lost


###!!! [Child][MessageChannel::SendAndWait] Error: Channel error: cannot send/recv

1606881922949	geckodriver	INFO	Listening on 127.0.0.1:64726
1606881926023	mozrunner::runner	INFO	Running command: "C:\\Program Files\\Mozilla Firefox\\firefox.exe" "--marionette" "-foreground" "-no-remote" "-profile" "C:\\Users\\lucas\\AppData\\Local\\Temp\\rust_mozprofileTHCj6b"
JavaScript error: resource://gre/modules/XULStore.jsm, line 66: Error: Can't find profile directory.
console.warn: SearchSettings: "get: No settings file exists, new profile?" (new Error("", "(unknown module)"))
1606881927970	Marionette	INFO	Listening on port 64734
1606881928087	Marionette	WARN	TLS certificate errors will be ignored for this session
1606881950404	Marionette	WARN	TimedPromise timed out after 500 ms: stacktrace:
TimedPromise/<@chrome://marionette/content/sync.js:228:19
TimedPromise@chrome://marionette/content/sync.js:213:10
interaction.flushEventLoop@chrome://marionette/content/interaction.js:418:10
webdriverClickElement@chrome://marionette/content/interaction.js:179:31
1606882042709	Marionette	INFO	Stopped listening on port 64734

###!!! [Child][RunMessage] Error: Channel closing: too late to send/recv, messages will be lost


###!!! [Child][MessageChannel::SendAndWait] Error: Channel error: cannot send/recv

ors will be ignored for this session
1606882023543	Marionette	INFO	Stopped listening on port 64774

###!!! [Child][RunMessage] Error: Channel closing: too late to send/recv, messages will be lost


###!!! [Child][MessageChannel::SendAndWait] Error: Channel error: cannot send/recv

1606882047080	geckodriver	INFO	Listening on 127.0.0.1:64837
1606882050101	mozrunner::runner	INFO	Running command: "C:\\Program Files\\Mozilla Firefox\\firefox.exe" "--marionette" "-foreground" "-no-remote" "-profile" "C:\\Users\\lucas\\AppData\\Local\\Temp\\rust_mozprofileLcQJEe"
JavaScript error: resource://gre/modules/XULStore.jsm, line 66: Error: Can't find profile directory.
console.warn: SearchSettings: "get: No settings file exists, new profile?" (new Error("", "(unknown module)"))
1606882052073	Marionette	INFO	Listening on port 64845
1606882052169	Marionette	WARN	TLS certificate errors will be ignored for this session
1606882437628	Marionette	INFO	Stopped listening on port 64845

###!!! [Child][RunMessage] Error: Channel closing: too late to send/recv, messages will be lost


###!!! [Child][MessageChannel::SendAndWait] Error: Channel error: cannot send/recv

Temp\\rust_mozprofileUDTXg4"
JavaScript error: resource://gre/modules/XULStore.jsm, line 66: Error: Can't find profile directory.
console.warn: SearchSettings: "get: No settings file exists, new profile?" (new Error("", "(unknown module)"))
1606882057151	Marionette	INFO	Listening on port 64885
1606882057296	Marionette	WARN	TLS certificate errors will be ignored for this session
1606882074396	Marionette	WARN	TimedPromise timed out after 500 ms: stacktrace:
TimedPromise/<@chrome://marionette/content/sync.js:228:19
TimedPromise@chrome://marionette/content/sync.js:213:10
interaction.flushEventLoop@chrome://marionette/content/interaction.js:418:10
webdriverClickElement@chrome://marionette/content/interaction.js:179:31
1606882420783	Marionette	INFO	Stopped listening on port 64885

###!!! [Child][RunMessage] Error: Channel closing: too late to send/recv, messages will be lost


###!!! [Child][MessageChannel::SendAndWait] Error: Channel error: cannot send/recv

Temp\\rust_mozprofile3YoR2s"
JavaScript error: resource://gre/modules/XULStore.jsm, line 66: Error: Can't find profile directory.
console.warn: SearchSettings: "get: No settings file exists, new profile?" (new Error("", "(unknown module)"))
1606882330390	Marionette	INFO	Listening on port 64964
1606882330913	Marionette	WARN	TLS certificate errors will be ignored for this session
1606882421900	Marionette	INFO	Stopped listening on port 64964

###!!! [Child][RunMessage] Error: Channel closing: too late to send/recv, messages will be lost


###!!! [Child][MessageChannel::SendAndWait] Error: Channel error: cannot send/recv

Temp\\rust_mozprofilenwAl9z"
JavaScript error: resource://gre/modules/XULStore.jsm, line 66: Error: Can't find profile directory.
console.warn: SearchSettings: "get: No settings file exists, new profile?" (new Error("", "(unknown module)"))
1606882336041	Marionette	INFO	Listening on port 65006
1606882336081	Marionette	WARN	TLS certificate errors will be ignored for this session
1606882353150	Marionette	WARN	TimedPromise timed out after 500 ms: stacktrace:
TimedPromise/<@chrome://marionette/content/sync.js:228:19
TimedPromise@chrome://marionette/content/sync.js:213:10
interaction.flushEventLoop@chrome://marionette/content/interaction.js:418:10
webdriverClickElement@chrome://marionette/content/interaction.js:179:31
1606882438982	Marionette	INFO	Stopped listening on port 65006

###!!! [Child][RunMessage] Error: Channel closing: too late to send/recv, messages will be lost


###!!! [Child][MessageChannel::SendAndWait] Error: Channel error: cannot send/recv

Temp\\rust_mozprofileZOnzlB"
JavaScript error: resource://gre/modules/XULStore.jsm, line 66: Error: Can't find profile directory.
console.warn: SearchSettings: "get: No settings file exists, new profile?" (new Error("", "(unknown module)"))
1606882420026	Marionette	INFO	Listening on port 65079
1606882420393	Marionette	WARN	TLS certificate errors will be ignored for this session
1606882431484	Marionette	INFO	Stopped listening on port 65079

###!!! [Child][RunMessage] Error: Channel closing: too late to send/recv, messages will be lost


###!!! [Child][MessageChannel::SendAndWait] Error: Channel error: cannot send/recv

Temp\\rust_mozprofileXdufLL"
JavaScript error: resource://gre/modules/XULStore.jsm, line 66: Error: Can't find profile directory.
console.warn: SearchSettings: "get: No settings file exists, new profile?" (new Error("", "(unknown module)"))
1606882425866	Marionette	INFO	Listening on port 65122
1606882426159	Marionette	WARN	TLS certificate errors will be ignored for this session
JavaScript error: , line 0: uncaught exception: Object
1606882443643	Marionette	WARN	TimedPromise timed out after 500 ms: stacktrace:
TimedPromise/<@chrome://marionette/content/sync.js:228:19
TimedPromise@chrome://marionette/content/sync.js:213:10
interaction.flushEventLoop@chrome://marionette/content/interaction.js:418:10
webdriverClickElement@chrome://marionette/content/interaction.js:179:31
1606882475392	Marionette	INFO	Stopped listening on port 65122

###!!! [Child][RunMessage] Error: Channel closing: too late to send/recv, messages will be lost


###!!! [Child][MessageChannel::SendAndWait] Error: Channel error: cannot send/recv

1606909291489	geckodriver	INFO	Listening on 127.0.0.1:56143
1606909294587	mozrunner::runner	INFO	Running command: "C:\\Program Files\\Mozilla Firefox\\firefox.exe" "--marionette" "-foreground" "-no-remote" "-profile" "C:\\Users\\lucas\\AppData\\Local\\Temp\\rust_mozprofileZBiW18"
JavaScript error: resource://gre/modules/XULStore.jsm, line 66: Error: Can't find profile directory.
console.warn: SearchSettings: "get: No settings file exists, new profile?" (new Error("", "(unknown module)"))
1606909297165	Marionette	INFO	Listening on port 56151
1606909297289	Marionette	WARN	TLS certificate errors will be ignored for this session
1606909523637	Marionette	INFO	Stopped listening on port 56151

###!!! [Child][RunMessage] Error: Channel closing: too late to send/recv, messages will be lost


###!!! [Child][MessageChannel::SendAndWait] Error: Channel error: cannot send/recv

Temp\\rust_mozprofile45Bx3g"
JavaScript error: resource://gre/modules/XULStore.jsm, line 66: Error: Can't find profile directory.
console.warn: SearchSettings: "get: No settings file exists, new profile?" (new Error("", "(unknown module)"))
1606909302427	Marionette	INFO	Listening on port 56191
1606909302544	Marionette	WARN	TLS certificate errors will be ignored for this session
1606909319133	Marionette	WARN	TimedPromise timed out after 500 ms: stacktrace:
TimedPromise/<@chrome://marionette/content/sync.js:228:19
TimedPromise@chrome://marionette/content/sync.js:213:10
interaction.flushEventLoop@chrome://marionette/content/interaction.js:418:10
webdriverClickElement@chrome://marionette/content/interaction.js:179:31
1606909796355	geckodriver	INFO	Listening on 127.0.0.1:56488
1606909799401	mozrunner::runner	INFO	Running command: "C:\\Program Files\\Mozilla Firefox\\firefox.exe" "--marionette" "-foreground" "-no-remote" "-profile" "C:\\Users\\lucas\\AppData\\Local\\Temp\\rust_mozprofilesFjiR4"
JavaScript error: resource://gre/modules/XULStore.jsm, line 66: Error: Can't find profile directory.
console.warn: SearchSettings: "get: No settings file exists, new profile?" (new Error("", "(unknown module)"))
1606909801573	Marionette	INFO	Listening on port 56497
1606909802083	Marionette	WARN	TLS certificate errors will be ignored for this session
*** UTM:SVC TimerManager:registerTimer called after profile-before-change notification. Ignoring timer registration for id: telemetry_modules_ping
*** UTM:SVC TimerManager:registerTimer called after profile-before-change notification. Ignoring timer registration for id: telemetry_untrustedmodules_ping
1606909860223	Marionette	INFO	Stopped listening on port 56497

###!!! [Child][MessageChannel::SendAndWait] Error: Channel error: cannot send/recv

" (new Error("", "(unknown module)"))
1606909807212	Marionette	INFO	Listening on port 56538
1606909807325	Marionette	WARN	TLS certificate errors will be ignored for this session
JavaScript error: , line 0: uncaught exception: Object
1606909824011	Marionette	WARN	TimedPromise timed out after 500 ms: stacktrace:
TimedPromise/<@chrome://marionette/content/sync.js:228:19
TimedPromise@chrome://marionette/content/sync.js:213:10
interaction.flushEventLoop@chrome://marionette/content/interaction.js:418:10
webdriverClickElement@chrome://marionette/content/interaction.js:179:31
1606909857099	Marionette	INFO	Stopped listening on port 56538

###!!! [Child][RunMessage] Error: Channel closing: too late to send/recv, messages will be lost


###!!! [Child][MessageChannel::SendAndWait] Error: Channel error: cannot send/recv

1606909866727	geckodriver	INFO	Listening on 127.0.0.1:56605
1606909869780	mozrunner::runner	INFO	Running command: "C:\\Program Files\\Mozilla Firefox\\firefox.exe" "--marionette" "-foreground" "-no-remote" "-profile" "C:\\Users\\lucas\\AppData\\Local\\Temp\\rust_mozprofilelKstiv"
JavaScript error: resource://gre/modules/XULStore.jsm, line 66: Error: Can't find profile directory.
console.warn: SearchSettings: "get: No settings file exists, new profile?" (new Error("", "(unknown module)"))
1606909871740	Marionette	INFO	Listening on port 56613
1606909871843	Marionette	WARN	TLS certificate errors will be ignored for this session
1606909871900	geckodriver	INFO	Listening on 127.0.0.1:56639
1606909874920	mozrunner::runner	INFO	Running command: "C:\\Program Files\\Mozilla Firefox\\firefox.exe" "--marionette" "-foreground" "-no-remote" "-profile" "C:\\Users\\lucas\\AppData\\Local\\Temp\\rust_mozprofiletfYTHC"
JavaScript error: resource://gre/modules/XULStore.jsm, line 66: Error: Can't find profile directory.
console.warn: SearchSettings: "get: No settings file exists, new profile?" (new Error("", "(unknown module)"))
1606909876992	Marionette	INFO	Listening on port 56653
1606909877153	Marionette	WARN	TLS certificate errors will be ignored for this session
1606909893837	Marionette	WARN	TimedPromise timed out after 500 ms: stacktrace:
TimedPromise/<@chrome://marionette/content/sync.js:228:19
TimedPromise@chrome://marionette/content/sync.js:213:10
interaction.flushEventLoop@chrome://marionette/content/interaction.js:418:10
webdriverClickElement@chrome://marionette/content/interaction.js:179:31
JavaScript error: resource://gre/actors/PictureInPictureChild.jsm, line 280: InvalidStateError: An attempt was made to use an object that is not, or is no longer, usable
JavaScript error: https://www.techtudo.com.br/noticias/2018/02/acao-bloqueada-no-instagram-veja-dicas-para-resolver.ghtml, line 88: TypeError: window.parent.document.getElementById(...) is null
Can't find symbol 'eglSwapBuffersWithDamageEXT'.
Can't find symbol 'eglSetDamageRegionKHR'.
JavaScript error: https://s0.2mdn.net/instream/video/client.js, line 32: NS_ERROR_NOT_INITIALIZED: 
JavaScript error: https://s0.2mdn.net/instream/video/client.js, line 32: NS_ERROR_NOT_INITIALIZED: 
JavaScript error: https://s0.2mdn.net/instream/video/client.js, line 32: NS_ERROR_NOT_INITIALIZED: 
JavaScript error: https://s0.2mdn.net/instream/video/client.js, line 32: NS_ERROR_NOT_INITIALIZED: 
JavaScript error: https://s0.2mdn.net/instream/video/client.js, line 32: NS_ERROR_NOT_INITIALIZED: 
JavaScript error: https://s0.2mdn.net/instream/video/client.js, line 32: NS_ERROR_NOT_INITIALIZED: 
JavaScript error: https://s0.2mdn.net/instream/video/client.js, line 32: NS_ERROR_NOT_INITIALIZED: 
JavaScript error: https://s0.2mdn.net/instream/video/client.js, line 32: NS_ERROR_NOT_INITIALIZED: 
JavaScript error: https://s0.2mdn.net/instream/video/client.js, line 32: NS_ERROR_NOT_INITIALIZED: 
JavaScript error: https://s0.2mdn.net/instream/video/client.js, line 32: NS_ERROR_NOT_INITIALIZED: 
JavaScript error: https://s0.2mdn.net/instream/video/client.js, line 32: NS_ERROR_NOT_INITIALIZED: 
JavaScript error: https://s0.2mdn.net/instream/video/client.js, line 32: NS_ERROR_NOT_INITIALIZED: 
JavaScript error: https://s0.2mdn.net/instream/video/client.js, line 32: NS_ERROR_NOT_INITIALIZED: 
JavaScript error: https://s0.2mdn.net/instream/video/client.js, line 32: NS_ERROR_NOT_INITIALIZED: 
JavaScript error: https://s0.2mdn.net/instream/video/client.js, line 32: NS_ERROR_NOT_INITIALIZED: 
JavaScript error: https://s0.2mdn.net/instream/video/client.js, line 32: NS_ERROR_NOT_INITIALIZED: 
JavaScript error: https://s0.2mdn.net/instream/video/client.js, line 32: NS_ERROR_NOT_INITIALIZED: 
JavaScript error: https://s0.2mdn.net/instream/video/client.js, line 32: NS_ERROR_NOT_INITIALIZED: 
JavaScript error: https://s0.2mdn.net/instream/video/client.js, line 32: NS_ERROR_NOT_INITIALIZED: 
JavaScript error: https://s0.2mdn.net/instream/video/client.js, line 32: NS_ERROR_NOT_INITIALIZED: 
JavaScript error: https://s0.2mdn.net/instream/video/client.js, line 32: NS_ERROR_NOT_INITIALIZED: 
JavaScript error: https://s0.2mdn.net/instream/video/client.js, line 32: NS_ERROR_NOT_INITIALIZED: 
JavaScript error: https://s0.2mdn.net/instream/video/client.js, line 32: NS_ERROR_NOT_INITIALIZED: 
JavaScript error: https://s0.2mdn.net/instream/video/client.js, line 32: NS_ERROR_NOT_INITIALIZED: 
JavaScript error: https://s0.2mdn.net/instream/video/client.js, line 32: NS_ERROR_NOT_INITIALIZED: 
JavaScript error: https://s0.2mdn.net/instream/video/client.js, line 32: NS_ERROR_NOT_INITIALIZED: 
JavaScript error: https://s0.2mdn.net/instream/video/client.js, line 32: NS_ERROR_NOT_INITIALIZED: 
JavaScript error: https://s0.2mdn.net/instream/video/client.js, line 32: NS_ERROR_NOT_INITIALIZED: 
JavaScript error: https://s0.2mdn.net/instream/video/client.js, line 32: NS_ERROR_NOT_INITIALIZED: 
JavaScript error: https://s0.2mdn.net/instream/video/client.js, line 32: NS_ERROR_NOT_INITIALIZED: 
JavaScript error: https://s0.2mdn.net/instream/video/client.js, line 32: NS_ERROR_NOT_INITIALIZED: 
JavaScript error: https://s0.2mdn.net/instream/video/client.js, line 32: NS_ERROR_NOT_INITIALIZED: 
JavaScript error: https://s0.2mdn.net/instream/video/client.js, line 32: NS_ERROR_NOT_INITIALIZED: 
JavaScript error: https://s0.2mdn.net/instream/video/client.js, line 32: NS_ERROR_NOT_INITIALIZED: 
JavaScript error: https://s0.2mdn.net/instream/video/client.js, line 32: NS_ERROR_NOT_INITIALIZED: 
JavaScript error: https://s0.2mdn.net/instream/video/client.js, line 32: NS_ERROR_NOT_INITIALIZED: 
JavaScript error: https://s0.2mdn.net/instream/video/client.js, line 32: NS_ERROR_NOT_INITIALIZED: 
JavaScript error: https://s0.2mdn.net/instream/video/client.js, line 32: NS_ERROR_NOT_INITIALIZED: 
JavaScript error: https://s0.2mdn.net/instream/video/client.js, line 32: NS_ERROR_NOT_INITIALIZED: 
JavaScript error: https://s0.2mdn.net/instream/video/client.js, line 32: NS_ERROR_NOT_INITIALIZED: 
JavaScript error: https://s0.2mdn.net/instream/video/client.js, line 32: NS_ERROR_NOT_INITIALIZED: 
JavaScript error: https://s0.2mdn.net/instream/video/client.js, line 32: NS_ERROR_NOT_INITIALIZED: 
JavaScript error: https://s0.2mdn.net/instream/video/client.js, line 32: NS_ERROR_NOT_INITIALIZED: 
JavaScript error: https://s0.2mdn.net/instream/video/client.js, line 32: NS_ERROR_NOT_INITIALIZED: 
JavaScript error: https://s0.2mdn.net/instream/video/client.js, line 32: NS_ERROR_NOT_INITIALIZED: 
JavaScript error: https://s0.2mdn.net/instream/video/client.js, line 32: NS_ERROR_NOT_INITIALIZED: 
JavaScript error: https://s0.2mdn.net/instream/video/client.js, line 32: NS_ERROR_NOT_INITIALIZED: 
JavaScript error: https://s0.2mdn.net/instream/video/client.js, line 32: NS_ERROR_NOT_INITIALIZED: 
JavaScript error: https://s0.2mdn.net/instream/video/client.js, line 32: NS_ERROR_NOT_INITIALIZED: 
JavaScript error: https://s0.2mdn.net/instream/video/client.js, line 32: NS_ERROR_NOT_INITIALIZED: 
JavaScript error: https://s0.2mdn.net/instream/video/client.js, line 32: NS_ERROR_NOT_INITIALIZED: 
JavaScript error: https://s0.2mdn.net/instream/video/client.js, line 32: NS_ERROR_NOT_INITIALIZED: 
JavaScript error: https://s0.2mdn.net/instream/video/client.js, line 32: NS_ERROR_NOT_INITIALIZED: 
JavaScript error: https://s0.2mdn.net/instream/video/client.js, line 32: NS_ERROR_NOT_INITIALIZED: 
JavaScript error: https://s0.2mdn.net/instream/video/client.js, line 32: NS_ERROR_NOT_INITIALIZED: 
JavaScript error: https://s0.2mdn.net/instream/video/client.js, line 32: NS_ERROR_NOT_INITIALIZED: 
JavaScript error: https://s0.2mdn.net/instream/video/client.js, line 32: NS_ERROR_NOT_INITIALIZED: 
JavaScript error: https://s0.2mdn.net/instream/video/client.js, line 32: NS_ERROR_NOT_INITIALIZED: 
JavaScript error: https://s0.2mdn.net/instream/video/client.js, line 32: NS_ERROR_NOT_INITIALIZED: 
JavaScript error: https://s0.2mdn.net/instream/video/client.js, line 32: NS_ERROR_NOT_INITIALIZED: 
JavaScript error: https://s0.2mdn.net/instream/video/client.js, line 32: NS_ERROR_NOT_INITIALIZED: 
JavaScript error: https://s0.2mdn.net/instream/video/client.js, line 32: NS_ERROR_NOT_INITIALIZED: 
JavaScript error: https://s0.2mdn.net/instream/video/client.js, line 32: NS_ERROR_NOT_INITIALIZED: 
JavaScript error: https://s0.2mdn.net/instream/video/client.js, line 32: NS_ERROR_NOT_INITIALIZED: 
JavaScript error: https://s0.2mdn.net/instream/video/client.js, line 32: NS_ERROR_NOT_INITIALIZED: 
JavaScript error: https://s0.2mdn.net/instream/video/client.js, line 32: NS_ERROR_NOT_INITIALIZED: 
JavaScript error: https://s0.2mdn.net/instream/video/client.js, line 32: NS_ERROR_NOT_INITIALIZED: 
JavaScript error: https://s0.2mdn.net/instream/video/client.js, line 32: NS_ERROR_NOT_INITIALIZED: 
JavaScript error: https://s0.2mdn.net/instream/video/client.js, line 32: NS_ERROR_NOT_INITIALIZED: 
JavaScript error: https://s0.2mdn.net/instream/video/client.js, line 32: NS_ERROR_NOT_INITIALIZED: 
JavaScript error: https://s0.2mdn.net/instream/video/client.js, line 32: NS_ERROR_NOT_INITIALIZED: 
JavaScript error: https://s0.2mdn.net/instream/video/client.js, line 32: NS_ERROR_NOT_INITIALIZED: 
JavaScript error: https://s0.2mdn.net/instream/video/client.js, line 32: NS_ERROR_NOT_INITIALIZED: 
JavaScript error: https://s0.2mdn.net/instream/video/client.js, line 32: NS_ERROR_NOT_INITIALIZED: 
JavaScript error: https://s0.2mdn.net/instream/video/client.js, line 32: NS_ERROR_NOT_INITIALIZED: 
JavaScript error: https://s0.2mdn.net/instream/video/client.js, line 32: NS_ERROR_NOT_INITIALIZED: 
JavaScript error: https://s0.2mdn.net/instream/video/client.js, line 32: NS_ERROR_NOT_INITIALIZED: 
JavaScript error: https://s0.2mdn.net/instream/video/client.js, line 32: NS_ERROR_NOT_INITIALIZED: 
JavaScript error: https://s0.2mdn.net/instream/video/client.js, line 32: NS_ERROR_NOT_INITIALIZED: 
JavaScript error: https://s0.2mdn.net/instream/video/client.js, line 32: NS_ERROR_NOT_INITIALIZED: 
JavaScript error: https://s0.2mdn.net/instream/video/client.js, line 32: NS_ERROR_NOT_INITIALIZED: 
JavaScript error: https://s0.2mdn.net/instream/video/client.js, line 32: NS_ERROR_NOT_INITIALIZED: 
JavaScript error: https://s0.2mdn.net/instream/video/client.js, line 32: NS_ERROR_NOT_INITIALIZED: 
JavaScript error: https://s0.2mdn.net/instream/video/client.js, line 32: NS_ERROR_NOT_INITIALIZED: 
JavaScript error: https://s0.2mdn.net/instream/video/client.js, line 32: NS_ERROR_NOT_INITIALIZED: 
JavaScript error: https://s0.2mdn.net/instream/video/client.js, line 32: NS_ERROR_NOT_INITIALIZED: 
JavaScript error: https://s0.2mdn.net/instream/video/client.js, line 32: NS_ERROR_NOT_INITIALIZED: 
JavaScript error: https://s0.2mdn.net/instream/video/client.js, line 32: NS_ERROR_NOT_INITIALIZED: 
JavaScript error: https://s0.2mdn.net/instream/video/client.js, line 32: NS_ERROR_NOT_INITIALIZED: 
JavaScript error: https://s0.2mdn.net/instream/video/client.js, line 32: NS_ERROR_NOT_INITIALIZED: 
JavaScript error: https://s0.2mdn.net/instream/video/client.js, line 32: NS_ERROR_NOT_INITIALIZED: 
JavaScript error: https://s0.2mdn.net/instream/video/client.js, line 32: NS_ERROR_NOT_INITIALIZED: 
JavaScript error: https://s0.2mdn.net/instream/video/client.js, line 32: NS_ERROR_NOT_INITIALIZED: 
JavaScript error: https://s0.2mdn.net/instream/video/client.js, line 32: NS_ERROR_NOT_INITIALIZED: 
JavaScript error: https://s0.2mdn.net/instream/video/client.js, line 32: NS_ERROR_NOT_INITIALIZED: 
JavaScript error: https://s0.2mdn.net/instream/video/client.js, line 32: NS_ERROR_NOT_INITIALIZED: 
JavaScript error: https://s0.2mdn.net/instream/video/client.js, line 32: NS_ERROR_NOT_INITIALIZED: 
JavaScript error: https://s0.2mdn.net/instream/video/client.js, line 32: NS_ERROR_NOT_INITIALIZED: 
JavaScript error: https://s3.glbimg.com/v1/AUTH_b002e0039b9f46a5a4a94ff667d31e2d/assets/dist/3c945527770e5cbda7e9bf7d30e7b3dc.js, line 13: TypeError: this.horizon is undefined
JavaScript error: https://s3.glbimg.com/v1/AUTH_b002e0039b9f46a5a4a94ff667d31e2d/assets/dist/3c945527770e5cbda7e9bf7d30e7b3dc.js, line 15: SyntaxError: An invalid or illegal string was specified
